<?xml version="1.0" encoding="UTF-8" ?>
<testsuite errors="0" failures="0" hostname="LM-bwi-00873755" name="Login do sistema" tests="1" time="14.438" timestamp="2014-01-30T05:49:05">
  <properties />
  <testcase classname="grails.plugin.cucumber.CucumberTest" name="Login de usuário existente" time="14.285" />
  <system-out><![CDATA[# language: pt
Funcionalidade: Login do sistema
    Como um inquilino
    Eu quero entrar no sistema de pagamento de aluguel
    para poder verificar o meu status atual

--Output from Login de usuário existente--
  Cenario: Login de usuário existente                                        # Login.feature:8
    Dado que eu abra o sistema na página de login                            # Login_steps.groovy:7
    Quando eu efetuo o login com o usuário "seu-madruga" e senha "don-ramon" # Login_steps.groovy:15
    Entao eu vejo "Aluguel Atrasado" na página                               # Login_steps.groovy:22
]]></system-out>
  <system-err><![CDATA[
--Output from Login de usuário existente--2014-01-30 00:49:18,734 [http-bio-8080-exec-1] ERROR resource.ResourceMeta  - While processing /css/bootstrap.css, a resource was required but not found: /fonts/glyphicons-halflings-regular.eot

2014-01-30 00:49:18,746 [http-bio-8080-exec-1] ERROR resource.ResourceMeta  - While processing /css/bootstrap.css, a resource was required but not found: /fonts/glyphicons-halflings-regular.eot

2014-01-30 00:49:18,748 [http-bio-8080-exec-1] ERROR resource.ResourceMeta  - While processing /css/bootstrap.css, a resource was required but not found: /fonts/glyphicons-halflings-regular.woff

2014-01-30 00:49:18,750 [http-bio-8080-exec-1] ERROR resource.ResourceMeta  - While processing /css/bootstrap.css, a resource was required but not found: /fonts/glyphicons-halflings-regular.ttf

2014-01-30 00:49:18,751 [http-bio-8080-exec-1] ERROR resource.ResourceMeta  - While processing /css/bootstrap.css, a resource was required but not found: /fonts/glyphicons-halflings-regular.svg

]]></system-err>
</testsuite>
